[planet-click] 2025-09-09T01:48:52.326Z {"type":"planet_click","name":"Jupiter","ts":"2025-09-09T01:48:51.634Z"}
[planet-click] 2025-09-09T01:48:52.487Z {"type":"planet_click","name":"Jupiter","ts":"2025-09-09T01:48:52.434Z"}
[planet-click] 2025-09-09T01:48:54.457Z {"type":"planet_click","name":"Jupiter","ts":"2025-09-09T01:48:54.401Z"}
[planet-click] 2025-09-09T01:50:53.231Z {"type":"planet_click","name":"Venus","ts":"2025-09-09T01:50:53.151Z"}
[planet-click] 2025-09-09T01:51:39.675Z {"type":"planet_click","name":"Earth","ts":"2025-09-09T01:51:39.533Z"}
[planet-click] 2025-09-09T01:55:11.483Z {"type":"planet_click","name":"Mars","ts":"2025-09-09T01:54:45.099Z"}
[planet-click] 2025-09-09T01:55:14.011Z {"type":"planet_click","name":"Venus","ts":"2025-09-09T01:55:13.952Z"}
[planet-click] 2025-09-09T01:56:16.171Z {"type":"planet_click","name":"Mars","ts":"2025-09-09T01:56:16.107Z"}
[planet-click] 2025-09-09T01:57:07.608Z {"type":"planet_click","name":"Jupiter","ts":"2025-09-09T01:57:07.545Z"}
[planet-click] 2025-09-09T02:50:34.586Z {"type":"planet_click","name":"Jupiter","ts":"2025-09-09T02:50:33.545Z"}
[planet-click] 2025-09-09T02:56:06.605Z {"type":"planet_click","name":"Jupiter","ts":"2025-09-09T02:56:06.076Z"}
[planet-click] 2025-09-09T02:56:11.675Z {"type":"planet_click","name":"Jupiter","ts":"2025-09-09T02:56:11.627Z"}
[planet-click] 2025-09-09T03:00:27.242Z {"type":"planet_click","name":"Saturn","ts":"2025-09-09T03:00:25.985Z"}
[planet-click] 2025-09-09T03:00:37.437Z {"type":"planet_click","name":"Uranus","ts":"2025-09-09T03:00:37.391Z"}
[planet-click] 2025-09-09T03:00:41.271Z {"type":"planet_click","name":"Neptune","ts":"2025-09-09T03:00:41.227Z"}
[planet-click] 2025-09-09T03:00:51.474Z {"type":"planet_click","name":"Mercury","ts":"2025-09-09T03:00:51.395Z"}
[planet-click] 2025-09-09T03:01:31.940Z {"type":"planet_click","name":"Earth","ts":"2025-09-09T03:01:31.900Z"}
[planet-click] 2025-09-09T03:01:37.112Z {"type":"planet_click","name":"Earth","ts":"2025-09-09T03:01:37.062Z"}
[planet-click] 2025-09-09T03:01:40.926Z {"type":"planet_click","name":"Earth","ts":"2025-09-09T03:01:40.889Z"}
[planet-click] 2025-09-09T03:01:49.259Z {"type":"planet_click","name":"Saturn","ts":"2025-09-09T03:01:49.221Z"}
[planet-click] 2025-09-09T03:20:33.471Z {"type":"planet_click","name":"Jupiter","ts":"2025-09-09T03:20:32.435Z"}
[planet-click] 2025-09-09T03:24:38.403Z {"type":"planet_click","name":"Mars","ts":"2025-09-09T03:24:37.726Z"}
[planet-click] 2025-09-09T03:25:51.659Z {"type":"planet_click","name":"Jupiter","ts":"2025-09-09T03:25:51.590Z"}
[planet-click] 2025-09-09T03:33:10.508Z {"type":"planet_click","name":"Jupiter","ts":"2025-09-09T03:33:08.956Z"}
[planet-click] 2025-09-09T03:33:19.118Z {"type":"planet_click","name":"Earth","ts":"2025-09-09T03:33:19.030Z"}
[planet-click] 2025-09-09T03:34:22.186Z {"type":"planet_click","name":"Jupiter","ts":"2025-09-09T03:34:22.091Z"}
[planet-click] 2025-09-09T03:38:02.033Z {"type":"planet_click","name":"Earth","ts":"2025-09-09T03:38:01.985Z"}
[planet-click] 2025-09-09T04:18:45.208Z {"type":"planet_click","name":"Earth","ts":"2025-09-09T04:18:44.212Z"}
[planet-click] 2025-09-09T04:18:45.247Z {"type":"planet_click","name":"Earth","ts":"2025-09-09T04:18:45.117Z"}
[planet-click] 2025-09-09T04:18:47.802Z {"type":"planet_click","name":"Jupiter","ts":"2025-09-09T04:18:47.078Z"}
[planet-click] 2025-09-09T04:23:03.213Z {"type":"planet_click","name":"Jupiter","ts":"2025-09-09T04:23:02.416Z"}
[planet-click] 2025-09-09T04:28:54.146Z {"type":"planet_click","name":"Jupiter","ts":"2025-09-09T04:28:53.598Z"}
[planet-click] 2025-09-09T04:37:44.082Z {"type":"planet_click","name":"Earth","ts":"2025-09-09T04:37:43.667Z"}
